<?xml version="1.0" encoding="UTF-8"?>
<!-- Generated by org.testng.reporters.JUnitReportReporter -->
<testsuite hostname="LAPTOP-JJRQOLN6" failures="0" tests="1" name="Testng.Firsttestngscript" time="0.007" errors="0" timestamp="2023-12-20T16:06:42 IST" skipped="0">
  <testcase classname="Testng.Firsttestngscript" name="firstfn" time="0.007"/>
</testsuite> <!-- Testng.Firsttestngscript -->
